2018/07/31 20:37:22 [error] [php] include(Usuario.php): failed to open stream: No such file or directory (/var/www/html/angular/yii1/yii/framework/YiiBase.php:463)
Stack trace:
#0 /var/www/html/angular/yii1/yii/prueba1/protected/controllers/UsuariosController.php(6): spl_autoload_call()
#1 /var/www/html/angular/yii1/yii/framework/web/actions/CInlineAction.php(49): UsuariosController->actionIndex()
#2 /var/www/html/angular/yii1/yii/framework/web/CController.php(308): CInlineAction->runWithParams()
#3 /var/www/html/angular/yii1/yii/framework/web/CController.php(286): UsuariosController->runAction()
#4 /var/www/html/angular/yii1/yii/framework/web/CController.php(265): UsuariosController->runActionWithFilters()
#5 /var/www/html/angular/yii1/yii/framework/web/CWebApplication.php(282): UsuariosController->run()
#6 /var/www/html/angular/yii1/yii/framework/web/CWebApplication.php(141): CWebApplication->runController()
#7 /var/www/html/angular/yii1/yii/framework/base/CApplication.php(185): CWebApplication->processRequest()
#8 /var/www/html/angular/yii1/yii/prueba1/index.php(13): CWebApplication->run()
REQUEST_URI=/angular/yii1/yii/prueba1/index.php/usuarios
in /var/www/html/angular/yii1/yii/prueba1/protected/controllers/UsuariosController.php (6)
in /var/www/html/angular/yii1/yii/prueba1/index.php (13)
2018/07/31 20:38:22 [error] [php] include(Usuario.php): failed to open stream: No such file or directory (/var/www/html/angular/yii1/yii/framework/YiiBase.php:463)
Stack trace:
#0 /var/www/html/angular/yii1/yii/prueba1/protected/controllers/UsuariosController.php(6): spl_autoload_call()
#1 /var/www/html/angular/yii1/yii/framework/web/actions/CInlineAction.php(49): UsuariosController->actionIndex()
#2 /var/www/html/angular/yii1/yii/framework/web/CController.php(308): CInlineAction->runWithParams()
#3 /var/www/html/angular/yii1/yii/framework/web/CController.php(286): UsuariosController->runAction()
#4 /var/www/html/angular/yii1/yii/framework/web/CController.php(265): UsuariosController->runActionWithFilters()
#5 /var/www/html/angular/yii1/yii/framework/web/CWebApplication.php(282): UsuariosController->run()
#6 /var/www/html/angular/yii1/yii/framework/web/CWebApplication.php(141): CWebApplication->runController()
#7 /var/www/html/angular/yii1/yii/framework/base/CApplication.php(185): CWebApplication->processRequest()
#8 /var/www/html/angular/yii1/yii/prueba1/index.php(13): CWebApplication->run()
REQUEST_URI=/angular/yii1/yii/prueba1/index.php/usuarios
in /var/www/html/angular/yii1/yii/prueba1/protected/controllers/UsuariosController.php (6)
in /var/www/html/angular/yii1/yii/prueba1/index.php (13)
2018/07/31 20:38:53 [error] [php] include(Usuario.php): failed to open stream: No such file or directory (/var/www/html/angular/yii1/yii/framework/YiiBase.php:463)
Stack trace:
#0 /var/www/html/angular/yii1/yii/prueba1/protected/controllers/UsuariosController.php(6): spl_autoload_call()
#1 /var/www/html/angular/yii1/yii/framework/web/actions/CInlineAction.php(49): UsuariosController->actionIndex()
#2 /var/www/html/angular/yii1/yii/framework/web/CController.php(308): CInlineAction->runWithParams()
#3 /var/www/html/angular/yii1/yii/framework/web/CController.php(286): UsuariosController->runAction()
#4 /var/www/html/angular/yii1/yii/framework/web/CController.php(265): UsuariosController->runActionWithFilters()
#5 /var/www/html/angular/yii1/yii/framework/web/CWebApplication.php(282): UsuariosController->run()
#6 /var/www/html/angular/yii1/yii/framework/web/CWebApplication.php(141): CWebApplication->runController()
#7 /var/www/html/angular/yii1/yii/framework/base/CApplication.php(185): CWebApplication->processRequest()
#8 /var/www/html/angular/yii1/yii/prueba1/index.php(13): CWebApplication->run()
REQUEST_URI=/angular/yii1/yii/prueba1/index.php/usuarios
in /var/www/html/angular/yii1/yii/prueba1/protected/controllers/UsuariosController.php (6)
in /var/www/html/angular/yii1/yii/prueba1/index.php (13)
2018/07/31 20:38:55 [error] [php] include(Usuario.php): failed to open stream: No such file or directory (/var/www/html/angular/yii1/yii/framework/YiiBase.php:463)
Stack trace:
#0 /var/www/html/angular/yii1/yii/prueba1/protected/controllers/UsuariosController.php(6): spl_autoload_call()
#1 /var/www/html/angular/yii1/yii/framework/web/actions/CInlineAction.php(49): UsuariosController->actionIndex()
#2 /var/www/html/angular/yii1/yii/framework/web/CController.php(308): CInlineAction->runWithParams()
#3 /var/www/html/angular/yii1/yii/framework/web/CController.php(286): UsuariosController->runAction()
#4 /var/www/html/angular/yii1/yii/framework/web/CController.php(265): UsuariosController->runActionWithFilters()
#5 /var/www/html/angular/yii1/yii/framework/web/CWebApplication.php(282): UsuariosController->run()
#6 /var/www/html/angular/yii1/yii/framework/web/CWebApplication.php(141): CWebApplication->runController()
#7 /var/www/html/angular/yii1/yii/framework/base/CApplication.php(185): CWebApplication->processRequest()
#8 /var/www/html/angular/yii1/yii/prueba1/index.php(13): CWebApplication->run()
REQUEST_URI=/angular/yii1/yii/prueba1/index.php/usuarios
in /var/www/html/angular/yii1/yii/prueba1/protected/controllers/UsuariosController.php (6)
in /var/www/html/angular/yii1/yii/prueba1/index.php (13)
2018/07/31 20:38:55 [error] [php] include(Usuario.php): failed to open stream: No such file or directory (/var/www/html/angular/yii1/yii/framework/YiiBase.php:463)
Stack trace:
#0 /var/www/html/angular/yii1/yii/prueba1/protected/controllers/UsuariosController.php(6): spl_autoload_call()
#1 /var/www/html/angular/yii1/yii/framework/web/actions/CInlineAction.php(49): UsuariosController->actionIndex()
#2 /var/www/html/angular/yii1/yii/framework/web/CController.php(308): CInlineAction->runWithParams()
#3 /var/www/html/angular/yii1/yii/framework/web/CController.php(286): UsuariosController->runAction()
#4 /var/www/html/angular/yii1/yii/framework/web/CController.php(265): UsuariosController->runActionWithFilters()
#5 /var/www/html/angular/yii1/yii/framework/web/CWebApplication.php(282): UsuariosController->run()
#6 /var/www/html/angular/yii1/yii/framework/web/CWebApplication.php(141): CWebApplication->runController()
#7 /var/www/html/angular/yii1/yii/framework/base/CApplication.php(185): CWebApplication->processRequest()
#8 /var/www/html/angular/yii1/yii/prueba1/index.php(13): CWebApplication->run()
REQUEST_URI=/angular/yii1/yii/prueba1/index.php/usuarios
in /var/www/html/angular/yii1/yii/prueba1/protected/controllers/UsuariosController.php (6)
in /var/www/html/angular/yii1/yii/prueba1/index.php (13)
2018/07/31 20:38:55 [error] [php] include(Usuario.php): failed to open stream: No such file or directory (/var/www/html/angular/yii1/yii/framework/YiiBase.php:463)
Stack trace:
#0 /var/www/html/angular/yii1/yii/prueba1/protected/controllers/UsuariosController.php(6): spl_autoload_call()
#1 /var/www/html/angular/yii1/yii/framework/web/actions/CInlineAction.php(49): UsuariosController->actionIndex()
#2 /var/www/html/angular/yii1/yii/framework/web/CController.php(308): CInlineAction->runWithParams()
#3 /var/www/html/angular/yii1/yii/framework/web/CController.php(286): UsuariosController->runAction()
#4 /var/www/html/angular/yii1/yii/framework/web/CController.php(265): UsuariosController->runActionWithFilters()
#5 /var/www/html/angular/yii1/yii/framework/web/CWebApplication.php(282): UsuariosController->run()
#6 /var/www/html/angular/yii1/yii/framework/web/CWebApplication.php(141): CWebApplication->runController()
#7 /var/www/html/angular/yii1/yii/framework/base/CApplication.php(185): CWebApplication->processRequest()
#8 /var/www/html/angular/yii1/yii/prueba1/index.php(13): CWebApplication->run()
REQUEST_URI=/angular/yii1/yii/prueba1/index.php/usuarios
in /var/www/html/angular/yii1/yii/prueba1/protected/controllers/UsuariosController.php (6)
in /var/www/html/angular/yii1/yii/prueba1/index.php (13)
2018/07/31 20:38:55 [error] [php] include(Usuario.php): failed to open stream: No such file or directory (/var/www/html/angular/yii1/yii/framework/YiiBase.php:463)
Stack trace:
#0 /var/www/html/angular/yii1/yii/prueba1/protected/controllers/UsuariosController.php(6): spl_autoload_call()
#1 /var/www/html/angular/yii1/yii/framework/web/actions/CInlineAction.php(49): UsuariosController->actionIndex()
#2 /var/www/html/angular/yii1/yii/framework/web/CController.php(308): CInlineAction->runWithParams()
#3 /var/www/html/angular/yii1/yii/framework/web/CController.php(286): UsuariosController->runAction()
#4 /var/www/html/angular/yii1/yii/framework/web/CController.php(265): UsuariosController->runActionWithFilters()
#5 /var/www/html/angular/yii1/yii/framework/web/CWebApplication.php(282): UsuariosController->run()
#6 /var/www/html/angular/yii1/yii/framework/web/CWebApplication.php(141): CWebApplication->runController()
#7 /var/www/html/angular/yii1/yii/framework/base/CApplication.php(185): CWebApplication->processRequest()
#8 /var/www/html/angular/yii1/yii/prueba1/index.php(13): CWebApplication->run()
REQUEST_URI=/angular/yii1/yii/prueba1/index.php/usuarios
in /var/www/html/angular/yii1/yii/prueba1/protected/controllers/UsuariosController.php (6)
in /var/www/html/angular/yii1/yii/prueba1/index.php (13)
2018/07/31 20:39:16 [error] [php] include(Usuario.php): failed to open stream: No such file or directory (/var/www/html/angular/yii1/yii/framework/YiiBase.php:463)
Stack trace:
#0 /var/www/html/angular/yii1/yii/prueba1/protected/controllers/UsuariosController.php(6): spl_autoload_call()
#1 /var/www/html/angular/yii1/yii/framework/web/actions/CInlineAction.php(49): UsuariosController->actionIndex()
#2 /var/www/html/angular/yii1/yii/framework/web/CController.php(308): CInlineAction->runWithParams()
#3 /var/www/html/angular/yii1/yii/framework/web/CController.php(286): UsuariosController->runAction()
#4 /var/www/html/angular/yii1/yii/framework/web/CController.php(265): UsuariosController->runActionWithFilters()
#5 /var/www/html/angular/yii1/yii/framework/web/CWebApplication.php(282): UsuariosController->run()
#6 /var/www/html/angular/yii1/yii/framework/web/CWebApplication.php(141): CWebApplication->runController()
#7 /var/www/html/angular/yii1/yii/framework/base/CApplication.php(185): CWebApplication->processRequest()
#8 /var/www/html/angular/yii1/yii/prueba1/index.php(13): CWebApplication->run()
REQUEST_URI=/angular/yii1/yii/prueba1/index.php/usuarios
in /var/www/html/angular/yii1/yii/prueba1/protected/controllers/UsuariosController.php (6)
in /var/www/html/angular/yii1/yii/prueba1/index.php (13)
2018/07/31 20:39:16 [error] [php] include(Usuario.php): failed to open stream: No such file or directory (/var/www/html/angular/yii1/yii/framework/YiiBase.php:463)
Stack trace:
#0 /var/www/html/angular/yii1/yii/prueba1/protected/controllers/UsuariosController.php(6): spl_autoload_call()
#1 /var/www/html/angular/yii1/yii/framework/web/actions/CInlineAction.php(49): UsuariosController->actionIndex()
#2 /var/www/html/angular/yii1/yii/framework/web/CController.php(308): CInlineAction->runWithParams()
#3 /var/www/html/angular/yii1/yii/framework/web/CController.php(286): UsuariosController->runAction()
#4 /var/www/html/angular/yii1/yii/framework/web/CController.php(265): UsuariosController->runActionWithFilters()
#5 /var/www/html/angular/yii1/yii/framework/web/CWebApplication.php(282): UsuariosController->run()
#6 /var/www/html/angular/yii1/yii/framework/web/CWebApplication.php(141): CWebApplication->runController()
#7 /var/www/html/angular/yii1/yii/framework/base/CApplication.php(185): CWebApplication->processRequest()
#8 /var/www/html/angular/yii1/yii/prueba1/index.php(13): CWebApplication->run()
REQUEST_URI=/angular/yii1/yii/prueba1/index.php/usuarios
in /var/www/html/angular/yii1/yii/prueba1/protected/controllers/UsuariosController.php (6)
in /var/www/html/angular/yii1/yii/prueba1/index.php (13)
2018/07/31 20:39:18 [error] [php] include(Usuario.php): failed to open stream: No such file or directory (/var/www/html/angular/yii1/yii/framework/YiiBase.php:463)
Stack trace:
#0 /var/www/html/angular/yii1/yii/prueba1/protected/controllers/UsuariosController.php(6): spl_autoload_call()
#1 /var/www/html/angular/yii1/yii/framework/web/actions/CInlineAction.php(49): UsuariosController->actionIndex()
#2 /var/www/html/angular/yii1/yii/framework/web/CController.php(308): CInlineAction->runWithParams()
#3 /var/www/html/angular/yii1/yii/framework/web/CController.php(286): UsuariosController->runAction()
#4 /var/www/html/angular/yii1/yii/framework/web/CController.php(265): UsuariosController->runActionWithFilters()
#5 /var/www/html/angular/yii1/yii/framework/web/CWebApplication.php(282): UsuariosController->run()
#6 /var/www/html/angular/yii1/yii/framework/web/CWebApplication.php(141): CWebApplication->runController()
#7 /var/www/html/angular/yii1/yii/framework/base/CApplication.php(185): CWebApplication->processRequest()
#8 /var/www/html/angular/yii1/yii/prueba1/index.php(13): CWebApplication->run()
REQUEST_URI=/angular/yii1/yii/prueba1/index.php/usuarios
in /var/www/html/angular/yii1/yii/prueba1/protected/controllers/UsuariosController.php (6)
in /var/www/html/angular/yii1/yii/prueba1/index.php (13)
2018/07/31 20:39:31 [error] [php] include(Usuario.php): failed to open stream: No such file or directory (/var/www/html/angular/yii1/yii/framework/YiiBase.php:463)
Stack trace:
#0 /var/www/html/angular/yii1/yii/prueba1/protected/controllers/UsuariosController.php(6): spl_autoload_call()
#1 /var/www/html/angular/yii1/yii/framework/web/actions/CInlineAction.php(49): UsuariosController->actionIndex()
#2 /var/www/html/angular/yii1/yii/framework/web/CController.php(308): CInlineAction->runWithParams()
#3 /var/www/html/angular/yii1/yii/framework/web/CController.php(286): UsuariosController->runAction()
#4 /var/www/html/angular/yii1/yii/framework/web/CController.php(265): UsuariosController->runActionWithFilters()
#5 /var/www/html/angular/yii1/yii/framework/web/CWebApplication.php(282): UsuariosController->run()
#6 /var/www/html/angular/yii1/yii/framework/web/CWebApplication.php(141): CWebApplication->runController()
#7 /var/www/html/angular/yii1/yii/framework/base/CApplication.php(185): CWebApplication->processRequest()
#8 /var/www/html/angular/yii1/yii/prueba1/index.php(13): CWebApplication->run()
REQUEST_URI=/angular/yii1/yii/prueba1/index.php/usuarios
in /var/www/html/angular/yii1/yii/prueba1/protected/controllers/UsuariosController.php (6)
in /var/www/html/angular/yii1/yii/prueba1/index.php (13)
2018/07/31 20:39:32 [error] [php] include(Usuario.php): failed to open stream: No such file or directory (/var/www/html/angular/yii1/yii/framework/YiiBase.php:463)
Stack trace:
#0 /var/www/html/angular/yii1/yii/prueba1/protected/controllers/UsuariosController.php(6): spl_autoload_call()
#1 /var/www/html/angular/yii1/yii/framework/web/actions/CInlineAction.php(49): UsuariosController->actionIndex()
#2 /var/www/html/angular/yii1/yii/framework/web/CController.php(308): CInlineAction->runWithParams()
#3 /var/www/html/angular/yii1/yii/framework/web/CController.php(286): UsuariosController->runAction()
#4 /var/www/html/angular/yii1/yii/framework/web/CController.php(265): UsuariosController->runActionWithFilters()
#5 /var/www/html/angular/yii1/yii/framework/web/CWebApplication.php(282): UsuariosController->run()
#6 /var/www/html/angular/yii1/yii/framework/web/CWebApplication.php(141): CWebApplication->runController()
#7 /var/www/html/angular/yii1/yii/framework/base/CApplication.php(185): CWebApplication->processRequest()
#8 /var/www/html/angular/yii1/yii/prueba1/index.php(13): CWebApplication->run()
REQUEST_URI=/angular/yii1/yii/prueba1/index.php/usuarios
in /var/www/html/angular/yii1/yii/prueba1/protected/controllers/UsuariosController.php (6)
in /var/www/html/angular/yii1/yii/prueba1/index.php (13)
2018/07/31 20:45:18 [error] [exception.CHttpException.404] CHttpException: Unable to resolve the request "create". in /var/www/html/angular/yii1/yii/framework/web/CWebApplication.php:286
Stack trace:
#0 /var/www/html/angular/yii1/yii/framework/web/CWebApplication.php(141): CWebApplication->runController('create')
#1 /var/www/html/angular/yii1/yii/framework/base/CApplication.php(185): CWebApplication->processRequest()
#2 /var/www/html/angular/yii1/yii/prueba1/index.php(13): CApplication->run()
#3 {main}
REQUEST_URI=/angular/yii1/yii/prueba1/index.php/create
---
2018/07/31 20:48:30 [error] [exception.CException] CException: UsuariosController contains improperly nested widget tags in its view "/var/www/html/angular/yii1/yii/prueba1/protected/views/usuarios/create.php". A CActiveForm widget does not have an endWidget() call. in /var/www/html/angular/yii1/yii/framework/web/CBaseController.php:101
Stack trace:
#0 /var/www/html/angular/yii1/yii/framework/web/CController.php(872): CBaseController->renderFile('/var/www/html/a...', Array, true)
#1 /var/www/html/angular/yii1/yii/framework/web/CController.php(785): CController->renderPartial('create', Array, true)
#2 /var/www/html/angular/yii1/yii/prueba1/protected/controllers/UsuariosController.php(18): CController->render('create', Array)
#3 /var/www/html/angular/yii1/yii/framework/web/actions/CInlineAction.php(49): UsuariosController->actionCreate()
#4 /var/www/html/angular/yii1/yii/framework/web/CController.php(308): CInlineAction->runWithParams(Array)
#5 /var/www/html/angular/yii1/yii/framework/web/CController.php(286): CController->runAction(Object(CInlineAction))
#6 /var/www/html/angular/yii1/yii/framework/web/CController.php(265): CController->runActionWithFilters(Object(CInlineAction), Array)
#7 /var/www/html/angular/yii1/yii/framework/web/CWebApplication.php(282): CController->run('create')
#8 /var/www/html/angular/yii1/yii/framework/web/CWebApplication.php(141): CWebApplication->runController('usuarios/create')
#9 /var/www/html/angular/yii1/yii/framework/base/CApplication.php(185): CWebApplication->processRequest()
#10 /var/www/html/angular/yii1/yii/prueba1/index.php(13): CApplication->run()
#11 {main}
REQUEST_URI=/angular/yii1/yii/prueba1/index.php/usuarios/create
---
2018/07/31 20:49:30 [error] [exception.CException] CException: UsuariosController contains improperly nested widget tags in its view "/var/www/html/angular/yii1/yii/prueba1/protected/views/usuarios/create.php". A CActiveForm widget does not have an endWidget() call. in /var/www/html/angular/yii1/yii/framework/web/CBaseController.php:101
Stack trace:
#0 /var/www/html/angular/yii1/yii/framework/web/CController.php(872): CBaseController->renderFile('/var/www/html/a...', Array, true)
#1 /var/www/html/angular/yii1/yii/framework/web/CController.php(785): CController->renderPartial('create', Array, true)
#2 /var/www/html/angular/yii1/yii/prueba1/protected/controllers/UsuariosController.php(18): CController->render('create', Array)
#3 /var/www/html/angular/yii1/yii/framework/web/actions/CInlineAction.php(49): UsuariosController->actionCreate()
#4 /var/www/html/angular/yii1/yii/framework/web/CController.php(308): CInlineAction->runWithParams(Array)
#5 /var/www/html/angular/yii1/yii/framework/web/CController.php(286): CController->runAction(Object(CInlineAction))
#6 /var/www/html/angular/yii1/yii/framework/web/CController.php(265): CController->runActionWithFilters(Object(CInlineAction), Array)
#7 /var/www/html/angular/yii1/yii/framework/web/CWebApplication.php(282): CController->run('create')
#8 /var/www/html/angular/yii1/yii/framework/web/CWebApplication.php(141): CWebApplication->runController('usuarios/create')
#9 /var/www/html/angular/yii1/yii/framework/base/CApplication.php(185): CWebApplication->processRequest()
#10 /var/www/html/angular/yii1/yii/prueba1/index.php(13): CApplication->run()
#11 {main}
REQUEST_URI=/angular/yii1/yii/prueba1/index.php/usuarios/create
---
2018/07/31 20:53:43 [error] [php] Undefined index: post (/var/www/html/angular/yii1/yii/prueba1/protected/controllers/UsuariosController.php:18)
Stack trace:
#0 /var/www/html/angular/yii1/yii/framework/web/CController.php(286): UsuariosController->runAction()
#1 /var/www/html/angular/yii1/yii/framework/web/CController.php(265): UsuariosController->runActionWithFilters()
#2 /var/www/html/angular/yii1/yii/framework/web/CWebApplication.php(282): UsuariosController->run()
#3 /var/www/html/angular/yii1/yii/framework/web/CWebApplication.php(141): CWebApplication->runController()
#4 /var/www/html/angular/yii1/yii/framework/base/CApplication.php(185): CWebApplication->processRequest()
#5 /var/www/html/angular/yii1/yii/prueba1/index.php(13): CWebApplication->run()
REQUEST_URI=/angular/yii1/yii/prueba1/index.php/usuarios/create
in /var/www/html/angular/yii1/yii/prueba1/protected/controllers/UsuariosController.php (18)
in /var/www/html/angular/yii1/yii/prueba1/index.php (13)
2018/07/31 20:53:44 [error] [php] Undefined index: post (/var/www/html/angular/yii1/yii/prueba1/protected/controllers/UsuariosController.php:18)
Stack trace:
#0 /var/www/html/angular/yii1/yii/framework/web/CController.php(286): UsuariosController->runAction()
#1 /var/www/html/angular/yii1/yii/framework/web/CController.php(265): UsuariosController->runActionWithFilters()
#2 /var/www/html/angular/yii1/yii/framework/web/CWebApplication.php(282): UsuariosController->run()
#3 /var/www/html/angular/yii1/yii/framework/web/CWebApplication.php(141): CWebApplication->runController()
#4 /var/www/html/angular/yii1/yii/framework/base/CApplication.php(185): CWebApplication->processRequest()
#5 /var/www/html/angular/yii1/yii/prueba1/index.php(13): CWebApplication->run()
REQUEST_URI=/angular/yii1/yii/prueba1/index.php/usuarios/create
in /var/www/html/angular/yii1/yii/prueba1/protected/controllers/UsuariosController.php (18)
in /var/www/html/angular/yii1/yii/prueba1/index.php (13)
2018/07/31 20:53:54 [error] [exception.Error] Error: Call to undefined function dd() in /var/www/html/angular/yii1/yii/prueba1/protected/controllers/UsuariosController.php:18
Stack trace:
#0 /var/www/html/angular/yii1/yii/framework/web/actions/CInlineAction.php(49): UsuariosController->actionCreate()
#1 /var/www/html/angular/yii1/yii/framework/web/CController.php(308): CInlineAction->runWithParams(Array)
#2 /var/www/html/angular/yii1/yii/framework/web/CController.php(286): CController->runAction(Object(CInlineAction))
#3 /var/www/html/angular/yii1/yii/framework/web/CController.php(265): CController->runActionWithFilters(Object(CInlineAction), Array)
#4 /var/www/html/angular/yii1/yii/framework/web/CWebApplication.php(282): CController->run('create')
#5 /var/www/html/angular/yii1/yii/framework/web/CWebApplication.php(141): CWebApplication->runController('usuarios/create')
#6 /var/www/html/angular/yii1/yii/framework/base/CApplication.php(185): CWebApplication->processRequest()
#7 /var/www/html/angular/yii1/yii/prueba1/index.php(13): CApplication->run()
#8 {main}
REQUEST_URI=/angular/yii1/yii/prueba1/index.php/usuarios/create
---
2018/07/31 20:53:55 [error] [exception.Error] Error: Call to undefined function dd() in /var/www/html/angular/yii1/yii/prueba1/protected/controllers/UsuariosController.php:18
Stack trace:
#0 /var/www/html/angular/yii1/yii/framework/web/actions/CInlineAction.php(49): UsuariosController->actionCreate()
#1 /var/www/html/angular/yii1/yii/framework/web/CController.php(308): CInlineAction->runWithParams(Array)
#2 /var/www/html/angular/yii1/yii/framework/web/CController.php(286): CController->runAction(Object(CInlineAction))
#3 /var/www/html/angular/yii1/yii/framework/web/CController.php(265): CController->runActionWithFilters(Object(CInlineAction), Array)
#4 /var/www/html/angular/yii1/yii/framework/web/CWebApplication.php(282): CController->run('create')
#5 /var/www/html/angular/yii1/yii/framework/web/CWebApplication.php(141): CWebApplication->runController('usuarios/create')
#6 /var/www/html/angular/yii1/yii/framework/base/CApplication.php(185): CWebApplication->processRequest()
#7 /var/www/html/angular/yii1/yii/prueba1/index.php(13): CApplication->run()
#8 {main}
REQUEST_URI=/angular/yii1/yii/prueba1/index.php/usuarios/create
---
2018/07/31 20:53:57 [error] [exception.Error] Error: Call to undefined function dd() in /var/www/html/angular/yii1/yii/prueba1/protected/controllers/UsuariosController.php:18
Stack trace:
#0 /var/www/html/angular/yii1/yii/framework/web/actions/CInlineAction.php(49): UsuariosController->actionCreate()
#1 /var/www/html/angular/yii1/yii/framework/web/CController.php(308): CInlineAction->runWithParams(Array)
#2 /var/www/html/angular/yii1/yii/framework/web/CController.php(286): CController->runAction(Object(CInlineAction))
#3 /var/www/html/angular/yii1/yii/framework/web/CController.php(265): CController->runActionWithFilters(Object(CInlineAction), Array)
#4 /var/www/html/angular/yii1/yii/framework/web/CWebApplication.php(282): CController->run('create')
#5 /var/www/html/angular/yii1/yii/framework/web/CWebApplication.php(141): CWebApplication->runController('usuarios/create')
#6 /var/www/html/angular/yii1/yii/framework/base/CApplication.php(185): CWebApplication->processRequest()
#7 /var/www/html/angular/yii1/yii/prueba1/index.php(13): CApplication->run()
#8 {main}
REQUEST_URI=/angular/yii1/yii/prueba1/index.php/usuarios/create
---
2018/07/31 20:53:59 [error] [php] Undefined index: post (/var/www/html/angular/yii1/yii/prueba1/protected/controllers/UsuariosController.php:18)
Stack trace:
#0 /var/www/html/angular/yii1/yii/framework/web/CController.php(286): UsuariosController->runAction()
#1 /var/www/html/angular/yii1/yii/framework/web/CController.php(265): UsuariosController->runActionWithFilters()
#2 /var/www/html/angular/yii1/yii/framework/web/CWebApplication.php(282): UsuariosController->run()
#3 /var/www/html/angular/yii1/yii/framework/web/CWebApplication.php(141): CWebApplication->runController()
#4 /var/www/html/angular/yii1/yii/framework/base/CApplication.php(185): CWebApplication->processRequest()
#5 /var/www/html/angular/yii1/yii/prueba1/index.php(13): CWebApplication->run()
REQUEST_URI=/angular/yii1/yii/prueba1/index.php/usuarios/create
in /var/www/html/angular/yii1/yii/prueba1/protected/controllers/UsuariosController.php (18)
in /var/www/html/angular/yii1/yii/prueba1/index.php (13)
2018/07/31 20:53:59 [error] [php] Undefined index: post (/var/www/html/angular/yii1/yii/prueba1/protected/controllers/UsuariosController.php:18)
Stack trace:
#0 /var/www/html/angular/yii1/yii/framework/web/CController.php(286): UsuariosController->runAction()
#1 /var/www/html/angular/yii1/yii/framework/web/CController.php(265): UsuariosController->runActionWithFilters()
#2 /var/www/html/angular/yii1/yii/framework/web/CWebApplication.php(282): UsuariosController->run()
#3 /var/www/html/angular/yii1/yii/framework/web/CWebApplication.php(141): CWebApplication->runController()
#4 /var/www/html/angular/yii1/yii/framework/base/CApplication.php(185): CWebApplication->processRequest()
#5 /var/www/html/angular/yii1/yii/prueba1/index.php(13): CWebApplication->run()
REQUEST_URI=/angular/yii1/yii/prueba1/index.php/usuarios/create
in /var/www/html/angular/yii1/yii/prueba1/protected/controllers/UsuariosController.php (18)
in /var/www/html/angular/yii1/yii/prueba1/index.php (13)
2018/07/31 20:54:00 [error] [php] Undefined index: post (/var/www/html/angular/yii1/yii/prueba1/protected/controllers/UsuariosController.php:18)
Stack trace:
#0 /var/www/html/angular/yii1/yii/framework/web/CController.php(286): UsuariosController->runAction()
#1 /var/www/html/angular/yii1/yii/framework/web/CController.php(265): UsuariosController->runActionWithFilters()
#2 /var/www/html/angular/yii1/yii/framework/web/CWebApplication.php(282): UsuariosController->run()
#3 /var/www/html/angular/yii1/yii/framework/web/CWebApplication.php(141): CWebApplication->runController()
#4 /var/www/html/angular/yii1/yii/framework/base/CApplication.php(185): CWebApplication->processRequest()
#5 /var/www/html/angular/yii1/yii/prueba1/index.php(13): CWebApplication->run()
REQUEST_URI=/angular/yii1/yii/prueba1/index.php/usuarios/create
in /var/www/html/angular/yii1/yii/prueba1/protected/controllers/UsuariosController.php (18)
in /var/www/html/angular/yii1/yii/prueba1/index.php (13)
2018/07/31 20:54:03 [error] [php] Undefined index: post (/var/www/html/angular/yii1/yii/prueba1/protected/controllers/UsuariosController.php:18)
Stack trace:
#0 /var/www/html/angular/yii1/yii/framework/web/CController.php(286): UsuariosController->runAction()
#1 /var/www/html/angular/yii1/yii/framework/web/CController.php(265): UsuariosController->runActionWithFilters()
#2 /var/www/html/angular/yii1/yii/framework/web/CWebApplication.php(282): UsuariosController->run()
#3 /var/www/html/angular/yii1/yii/framework/web/CWebApplication.php(141): CWebApplication->runController()
#4 /var/www/html/angular/yii1/yii/framework/base/CApplication.php(185): CWebApplication->processRequest()
#5 /var/www/html/angular/yii1/yii/prueba1/index.php(13): CWebApplication->run()
REQUEST_URI=/angular/yii1/yii/prueba1/index.php/usuarios/create
in /var/www/html/angular/yii1/yii/prueba1/protected/controllers/UsuariosController.php (18)
in /var/www/html/angular/yii1/yii/prueba1/index.php (13)
2018/07/31 20:54:18 [error] [php] Undefined index: post (/var/www/html/angular/yii1/yii/prueba1/protected/controllers/UsuariosController.php:18)
Stack trace:
#0 /var/www/html/angular/yii1/yii/framework/web/CController.php(286): UsuariosController->runAction()
#1 /var/www/html/angular/yii1/yii/framework/web/CController.php(265): UsuariosController->runActionWithFilters()
#2 /var/www/html/angular/yii1/yii/framework/web/CWebApplication.php(282): UsuariosController->run()
#3 /var/www/html/angular/yii1/yii/framework/web/CWebApplication.php(141): CWebApplication->runController()
#4 /var/www/html/angular/yii1/yii/framework/base/CApplication.php(185): CWebApplication->processRequest()
#5 /var/www/html/angular/yii1/yii/prueba1/index.php(13): CWebApplication->run()
REQUEST_URI=/angular/yii1/yii/prueba1/index.php/usuarios/create
in /var/www/html/angular/yii1/yii/prueba1/protected/controllers/UsuariosController.php (18)
in /var/www/html/angular/yii1/yii/prueba1/index.php (13)
2018/07/31 20:55:38 [error] [exception.ParseError] ParseError: syntax error, unexpected '{' in /var/www/html/angular/yii1/yii/prueba1/protected/controllers/UsuariosController.php:18
Stack trace:
#0 /var/www/html/angular/yii1/yii/framework/web/CWebApplication.php(276): CWebApplication->createController('create/')
#1 /var/www/html/angular/yii1/yii/framework/web/CWebApplication.php(141): CWebApplication->runController('usuarios/create')
#2 /var/www/html/angular/yii1/yii/framework/base/CApplication.php(185): CWebApplication->processRequest()
#3 /var/www/html/angular/yii1/yii/prueba1/index.php(13): CApplication->run()
#4 {main}
REQUEST_URI=/angular/yii1/yii/prueba1/index.php/usuarios/create
HTTP_REFERER=http://127.0.0.1/angular/yii1/yii/prueba1/index.php/usuarios/create
---
2018/07/31 20:55:39 [error] [exception.ParseError] ParseError: syntax error, unexpected '{' in /var/www/html/angular/yii1/yii/prueba1/protected/controllers/UsuariosController.php:18
Stack trace:
#0 /var/www/html/angular/yii1/yii/framework/web/CWebApplication.php(276): CWebApplication->createController('create/')
#1 /var/www/html/angular/yii1/yii/framework/web/CWebApplication.php(141): CWebApplication->runController('usuarios/create')
#2 /var/www/html/angular/yii1/yii/framework/base/CApplication.php(185): CWebApplication->processRequest()
#3 /var/www/html/angular/yii1/yii/prueba1/index.php(13): CApplication->run()
#4 {main}
REQUEST_URI=/angular/yii1/yii/prueba1/index.php/usuarios/create
HTTP_REFERER=http://127.0.0.1/angular/yii1/yii/prueba1/index.php/usuarios/create
---
2018/07/31 20:55:39 [error] [exception.ParseError] ParseError: syntax error, unexpected '{' in /var/www/html/angular/yii1/yii/prueba1/protected/controllers/UsuariosController.php:18
Stack trace:
#0 /var/www/html/angular/yii1/yii/framework/web/CWebApplication.php(276): CWebApplication->createController('create/')
#1 /var/www/html/angular/yii1/yii/framework/web/CWebApplication.php(141): CWebApplication->runController('usuarios/create')
#2 /var/www/html/angular/yii1/yii/framework/base/CApplication.php(185): CWebApplication->processRequest()
#3 /var/www/html/angular/yii1/yii/prueba1/index.php(13): CApplication->run()
#4 {main}
REQUEST_URI=/angular/yii1/yii/prueba1/index.php/usuarios/create
HTTP_REFERER=http://127.0.0.1/angular/yii1/yii/prueba1/index.php/usuarios/create
---
2018/07/31 20:55:39 [error] [exception.ParseError] ParseError: syntax error, unexpected '{' in /var/www/html/angular/yii1/yii/prueba1/protected/controllers/UsuariosController.php:18
Stack trace:
#0 /var/www/html/angular/yii1/yii/framework/web/CWebApplication.php(276): CWebApplication->createController('create/')
#1 /var/www/html/angular/yii1/yii/framework/web/CWebApplication.php(141): CWebApplication->runController('usuarios/create')
#2 /var/www/html/angular/yii1/yii/framework/base/CApplication.php(185): CWebApplication->processRequest()
#3 /var/www/html/angular/yii1/yii/prueba1/index.php(13): CApplication->run()
#4 {main}
REQUEST_URI=/angular/yii1/yii/prueba1/index.php/usuarios/create
HTTP_REFERER=http://127.0.0.1/angular/yii1/yii/prueba1/index.php/usuarios/create
---
2018/07/31 20:55:39 [error] [exception.ParseError] ParseError: syntax error, unexpected '{' in /var/www/html/angular/yii1/yii/prueba1/protected/controllers/UsuariosController.php:18
Stack trace:
#0 /var/www/html/angular/yii1/yii/framework/web/CWebApplication.php(276): CWebApplication->createController('create/')
#1 /var/www/html/angular/yii1/yii/framework/web/CWebApplication.php(141): CWebApplication->runController('usuarios/create')
#2 /var/www/html/angular/yii1/yii/framework/base/CApplication.php(185): CWebApplication->processRequest()
#3 /var/www/html/angular/yii1/yii/prueba1/index.php(13): CApplication->run()
#4 {main}
REQUEST_URI=/angular/yii1/yii/prueba1/index.php/usuarios/create
HTTP_REFERER=http://127.0.0.1/angular/yii1/yii/prueba1/index.php/usuarios/create
---
2018/07/31 20:55:40 [error] [exception.ParseError] ParseError: syntax error, unexpected '{' in /var/www/html/angular/yii1/yii/prueba1/protected/controllers/UsuariosController.php:18
Stack trace:
#0 /var/www/html/angular/yii1/yii/framework/web/CWebApplication.php(276): CWebApplication->createController('create/')
#1 /var/www/html/angular/yii1/yii/framework/web/CWebApplication.php(141): CWebApplication->runController('usuarios/create')
#2 /var/www/html/angular/yii1/yii/framework/base/CApplication.php(185): CWebApplication->processRequest()
#3 /var/www/html/angular/yii1/yii/prueba1/index.php(13): CApplication->run()
#4 {main}
REQUEST_URI=/angular/yii1/yii/prueba1/index.php/usuarios/create
HTTP_REFERER=http://127.0.0.1/angular/yii1/yii/prueba1/index.php/usuarios/create
---
2018/07/31 20:55:47 [error] [exception.ParseError] ParseError: syntax error, unexpected ')' in /var/www/html/angular/yii1/yii/prueba1/protected/controllers/UsuariosController.php:22
Stack trace:
#0 /var/www/html/angular/yii1/yii/framework/web/CWebApplication.php(276): CWebApplication->createController('create/')
#1 /var/www/html/angular/yii1/yii/framework/web/CWebApplication.php(141): CWebApplication->runController('usuarios/create')
#2 /var/www/html/angular/yii1/yii/framework/base/CApplication.php(185): CWebApplication->processRequest()
#3 /var/www/html/angular/yii1/yii/prueba1/index.php(13): CApplication->run()
#4 {main}
REQUEST_URI=/angular/yii1/yii/prueba1/index.php/usuarios/create
HTTP_REFERER=http://127.0.0.1/angular/yii1/yii/prueba1/index.php/usuarios/create
---
2018/07/31 20:55:48 [error] [exception.ParseError] ParseError: syntax error, unexpected ')' in /var/www/html/angular/yii1/yii/prueba1/protected/controllers/UsuariosController.php:22
Stack trace:
#0 /var/www/html/angular/yii1/yii/framework/web/CWebApplication.php(276): CWebApplication->createController('create/')
#1 /var/www/html/angular/yii1/yii/framework/web/CWebApplication.php(141): CWebApplication->runController('usuarios/create')
#2 /var/www/html/angular/yii1/yii/framework/base/CApplication.php(185): CWebApplication->processRequest()
#3 /var/www/html/angular/yii1/yii/prueba1/index.php(13): CApplication->run()
#4 {main}
REQUEST_URI=/angular/yii1/yii/prueba1/index.php/usuarios/create
HTTP_REFERER=http://127.0.0.1/angular/yii1/yii/prueba1/index.php/usuarios/create
---
2018/07/31 20:55:48 [error] [exception.ParseError] ParseError: syntax error, unexpected ')' in /var/www/html/angular/yii1/yii/prueba1/protected/controllers/UsuariosController.php:22
Stack trace:
#0 /var/www/html/angular/yii1/yii/framework/web/CWebApplication.php(276): CWebApplication->createController('create/')
#1 /var/www/html/angular/yii1/yii/framework/web/CWebApplication.php(141): CWebApplication->runController('usuarios/create')
#2 /var/www/html/angular/yii1/yii/framework/base/CApplication.php(185): CWebApplication->processRequest()
#3 /var/www/html/angular/yii1/yii/prueba1/index.php(13): CApplication->run()
#4 {main}
REQUEST_URI=/angular/yii1/yii/prueba1/index.php/usuarios/create
HTTP_REFERER=http://127.0.0.1/angular/yii1/yii/prueba1/index.php/usuarios/create
---
2018/07/31 21:04:35 [error] [exception.ParseError] ParseError: syntax error, unexpected '->' (T_OBJECT_OPERATOR) in /var/www/html/angular/yii1/yii/prueba1/protected/controllers/UsuariosController.php:22
Stack trace:
#0 /var/www/html/angular/yii1/yii/framework/web/CWebApplication.php(276): CWebApplication->createController('create/')
#1 /var/www/html/angular/yii1/yii/framework/web/CWebApplication.php(141): CWebApplication->runController('usuarios/create')
#2 /var/www/html/angular/yii1/yii/framework/base/CApplication.php(185): CWebApplication->processRequest()
#3 /var/www/html/angular/yii1/yii/prueba1/index.php(13): CApplication->run()
#4 {main}
REQUEST_URI=/angular/yii1/yii/prueba1/index.php/usuarios/create
---
2018/07/31 21:04:36 [error] [exception.ParseError] ParseError: syntax error, unexpected '->' (T_OBJECT_OPERATOR) in /var/www/html/angular/yii1/yii/prueba1/protected/controllers/UsuariosController.php:22
Stack trace:
#0 /var/www/html/angular/yii1/yii/framework/web/CWebApplication.php(276): CWebApplication->createController('create/')
#1 /var/www/html/angular/yii1/yii/framework/web/CWebApplication.php(141): CWebApplication->runController('usuarios/create')
#2 /var/www/html/angular/yii1/yii/framework/base/CApplication.php(185): CWebApplication->processRequest()
#3 /var/www/html/angular/yii1/yii/prueba1/index.php(13): CApplication->run()
#4 {main}
REQUEST_URI=/angular/yii1/yii/prueba1/index.php/usuarios/create
---
2018/07/31 21:08:08 [error] [php] include(CHTML.php): failed to open stream: No such file or directory (/var/www/html/angular/yii1/yii/framework/YiiBase.php:463)
Stack trace:
#0 /var/www/html/angular/yii1/yii/prueba1/protected/views/usuarios/index.php(5): spl_autoload_call()
#1 /var/www/html/angular/yii1/yii/framework/web/CBaseController.php(126): require()
#2 /var/www/html/angular/yii1/yii/framework/web/CBaseController.php(95): UsuariosController->renderInternal()
#3 /var/www/html/angular/yii1/yii/framework/web/CController.php(872): UsuariosController->renderFile()
#4 /var/www/html/angular/yii1/yii/framework/web/CController.php(785): UsuariosController->renderPartial()
#5 /var/www/html/angular/yii1/yii/prueba1/protected/controllers/UsuariosController.php(13): UsuariosController->render()
#6 /var/www/html/angular/yii1/yii/framework/web/actions/CInlineAction.php(49): UsuariosController->actionIndex()
#7 /var/www/html/angular/yii1/yii/framework/web/CController.php(308): CInlineAction->runWithParams()
#8 /var/www/html/angular/yii1/yii/framework/web/CController.php(286): UsuariosController->runAction()
#9 /var/www/html/angular/yii1/yii/framework/web/CController.php(265): UsuariosController->runActionWithFilters()
#10 /var/www/html/angular/yii1/yii/framework/web/CWebApplication.php(282): UsuariosController->run()
#11 /var/www/html/angular/yii1/yii/framework/web/CWebApplication.php(141): CWebApplication->runController()
#12 /var/www/html/angular/yii1/yii/framework/base/CApplication.php(185): CWebApplication->processRequest()
#13 /var/www/html/angular/yii1/yii/prueba1/index.php(13): CWebApplication->run()
REQUEST_URI=/angular/yii1/yii/prueba1/index.php/usuarios/
in /var/www/html/angular/yii1/yii/prueba1/protected/views/usuarios/index.php (5)
in /var/www/html/angular/yii1/yii/prueba1/protected/controllers/UsuariosController.php (13)
in /var/www/html/angular/yii1/yii/prueba1/index.php (13)
2018/07/31 21:08:19 [error] [php] include(CHTML.php): failed to open stream: No such file or directory (/var/www/html/angular/yii1/yii/framework/YiiBase.php:463)
Stack trace:
#0 /var/www/html/angular/yii1/yii/prueba1/protected/views/usuarios/index.php(5): spl_autoload_call()
#1 /var/www/html/angular/yii1/yii/framework/web/CBaseController.php(126): require()
#2 /var/www/html/angular/yii1/yii/framework/web/CBaseController.php(95): UsuariosController->renderInternal()
#3 /var/www/html/angular/yii1/yii/framework/web/CController.php(872): UsuariosController->renderFile()
#4 /var/www/html/angular/yii1/yii/framework/web/CController.php(785): UsuariosController->renderPartial()
#5 /var/www/html/angular/yii1/yii/prueba1/protected/controllers/UsuariosController.php(13): UsuariosController->render()
#6 /var/www/html/angular/yii1/yii/framework/web/actions/CInlineAction.php(49): UsuariosController->actionIndex()
#7 /var/www/html/angular/yii1/yii/framework/web/CController.php(308): CInlineAction->runWithParams()
#8 /var/www/html/angular/yii1/yii/framework/web/CController.php(286): UsuariosController->runAction()
#9 /var/www/html/angular/yii1/yii/framework/web/CController.php(265): UsuariosController->runActionWithFilters()
#10 /var/www/html/angular/yii1/yii/framework/web/CWebApplication.php(282): UsuariosController->run()
#11 /var/www/html/angular/yii1/yii/framework/web/CWebApplication.php(141): CWebApplication->runController()
#12 /var/www/html/angular/yii1/yii/framework/base/CApplication.php(185): CWebApplication->processRequest()
#13 /var/www/html/angular/yii1/yii/prueba1/index.php(13): CWebApplication->run()
REQUEST_URI=/angular/yii1/yii/prueba1/index.php/usuarios/
in /var/www/html/angular/yii1/yii/prueba1/protected/views/usuarios/index.php (5)
in /var/www/html/angular/yii1/yii/prueba1/protected/controllers/UsuariosController.php (13)
in /var/www/html/angular/yii1/yii/prueba1/index.php (13)
2018/07/31 21:08:21 [error] [php] include(CHTML.php): failed to open stream: No such file or directory (/var/www/html/angular/yii1/yii/framework/YiiBase.php:463)
Stack trace:
#0 /var/www/html/angular/yii1/yii/prueba1/protected/views/usuarios/index.php(5): spl_autoload_call()
#1 /var/www/html/angular/yii1/yii/framework/web/CBaseController.php(126): require()
#2 /var/www/html/angular/yii1/yii/framework/web/CBaseController.php(95): UsuariosController->renderInternal()
#3 /var/www/html/angular/yii1/yii/framework/web/CController.php(872): UsuariosController->renderFile()
#4 /var/www/html/angular/yii1/yii/framework/web/CController.php(785): UsuariosController->renderPartial()
#5 /var/www/html/angular/yii1/yii/prueba1/protected/controllers/UsuariosController.php(13): UsuariosController->render()
#6 /var/www/html/angular/yii1/yii/framework/web/actions/CInlineAction.php(49): UsuariosController->actionIndex()
#7 /var/www/html/angular/yii1/yii/framework/web/CController.php(308): CInlineAction->runWithParams()
#8 /var/www/html/angular/yii1/yii/framework/web/CController.php(286): UsuariosController->runAction()
#9 /var/www/html/angular/yii1/yii/framework/web/CController.php(265): UsuariosController->runActionWithFilters()
#10 /var/www/html/angular/yii1/yii/framework/web/CWebApplication.php(282): UsuariosController->run()
#11 /var/www/html/angular/yii1/yii/framework/web/CWebApplication.php(141): CWebApplication->runController()
#12 /var/www/html/angular/yii1/yii/framework/base/CApplication.php(185): CWebApplication->processRequest()
#13 /var/www/html/angular/yii1/yii/prueba1/index.php(13): CWebApplication->run()
REQUEST_URI=/angular/yii1/yii/prueba1/index.php/usuarios/
in /var/www/html/angular/yii1/yii/prueba1/protected/views/usuarios/index.php (5)
in /var/www/html/angular/yii1/yii/prueba1/protected/controllers/UsuariosController.php (13)
in /var/www/html/angular/yii1/yii/prueba1/index.php (13)
2018/07/31 21:08:21 [error] [php] include(CHTML.php): failed to open stream: No such file or directory (/var/www/html/angular/yii1/yii/framework/YiiBase.php:463)
Stack trace:
#0 /var/www/html/angular/yii1/yii/prueba1/protected/views/usuarios/index.php(5): spl_autoload_call()
#1 /var/www/html/angular/yii1/yii/framework/web/CBaseController.php(126): require()
#2 /var/www/html/angular/yii1/yii/framework/web/CBaseController.php(95): UsuariosController->renderInternal()
#3 /var/www/html/angular/yii1/yii/framework/web/CController.php(872): UsuariosController->renderFile()
#4 /var/www/html/angular/yii1/yii/framework/web/CController.php(785): UsuariosController->renderPartial()
#5 /var/www/html/angular/yii1/yii/prueba1/protected/controllers/UsuariosController.php(13): UsuariosController->render()
#6 /var/www/html/angular/yii1/yii/framework/web/actions/CInlineAction.php(49): UsuariosController->actionIndex()
#7 /var/www/html/angular/yii1/yii/framework/web/CController.php(308): CInlineAction->runWithParams()
#8 /var/www/html/angular/yii1/yii/framework/web/CController.php(286): UsuariosController->runAction()
#9 /var/www/html/angular/yii1/yii/framework/web/CController.php(265): UsuariosController->runActionWithFilters()
#10 /var/www/html/angular/yii1/yii/framework/web/CWebApplication.php(282): UsuariosController->run()
#11 /var/www/html/angular/yii1/yii/framework/web/CWebApplication.php(141): CWebApplication->runController()
#12 /var/www/html/angular/yii1/yii/framework/base/CApplication.php(185): CWebApplication->processRequest()
#13 /var/www/html/angular/yii1/yii/prueba1/index.php(13): CWebApplication->run()
REQUEST_URI=/angular/yii1/yii/prueba1/index.php/usuarios/
in /var/www/html/angular/yii1/yii/prueba1/protected/views/usuarios/index.php (5)
in /var/www/html/angular/yii1/yii/prueba1/protected/controllers/UsuariosController.php (13)
in /var/www/html/angular/yii1/yii/prueba1/index.php (13)
2018/07/31 21:08:24 [error] [php] include(CHTML.php): failed to open stream: No such file or directory (/var/www/html/angular/yii1/yii/framework/YiiBase.php:463)
Stack trace:
#0 /var/www/html/angular/yii1/yii/prueba1/protected/views/usuarios/index.php(5): spl_autoload_call()
#1 /var/www/html/angular/yii1/yii/framework/web/CBaseController.php(126): require()
#2 /var/www/html/angular/yii1/yii/framework/web/CBaseController.php(95): UsuariosController->renderInternal()
#3 /var/www/html/angular/yii1/yii/framework/web/CController.php(872): UsuariosController->renderFile()
#4 /var/www/html/angular/yii1/yii/framework/web/CController.php(785): UsuariosController->renderPartial()
#5 /var/www/html/angular/yii1/yii/prueba1/protected/controllers/UsuariosController.php(13): UsuariosController->render()
#6 /var/www/html/angular/yii1/yii/framework/web/actions/CInlineAction.php(49): UsuariosController->actionIndex()
#7 /var/www/html/angular/yii1/yii/framework/web/CController.php(308): CInlineAction->runWithParams()
#8 /var/www/html/angular/yii1/yii/framework/web/CController.php(286): UsuariosController->runAction()
#9 /var/www/html/angular/yii1/yii/framework/web/CController.php(265): UsuariosController->runActionWithFilters()
#10 /var/www/html/angular/yii1/yii/framework/web/CWebApplication.php(282): UsuariosController->run()
#11 /var/www/html/angular/yii1/yii/framework/web/CWebApplication.php(141): CWebApplication->runController()
#12 /var/www/html/angular/yii1/yii/framework/base/CApplication.php(185): CWebApplication->processRequest()
#13 /var/www/html/angular/yii1/yii/prueba1/index.php(13): CWebApplication->run()
REQUEST_URI=/angular/yii1/yii/prueba1/index.php/usuarios/
in /var/www/html/angular/yii1/yii/prueba1/protected/views/usuarios/index.php (5)
in /var/www/html/angular/yii1/yii/prueba1/protected/controllers/UsuariosController.php (13)
in /var/www/html/angular/yii1/yii/prueba1/index.php (13)
2018/07/31 21:17:29 [error] [exception.CHttpException.400] CHttpException: Your request is invalid. in /var/www/html/angular/yii1/yii/framework/web/CController.php:337
Stack trace:
#0 /var/www/html/angular/yii1/yii/framework/web/CController.php(309): CController->invalidActionParams(Object(CInlineAction))
#1 /var/www/html/angular/yii1/yii/framework/web/CController.php(286): CController->runAction(Object(CInlineAction))
#2 /var/www/html/angular/yii1/yii/framework/web/CController.php(265): CController->runActionWithFilters(Object(CInlineAction), Array)
#3 /var/www/html/angular/yii1/yii/framework/web/CWebApplication.php(282): CController->run('update')
#4 /var/www/html/angular/yii1/yii/framework/web/CWebApplication.php(141): CWebApplication->runController('usuarios/update')
#5 /var/www/html/angular/yii1/yii/framework/base/CApplication.php(185): CWebApplication->processRequest()
#6 /var/www/html/angular/yii1/yii/prueba1/index.php(13): CApplication->run()
#7 {main}
REQUEST_URI=/angular/yii1/yii/prueba1/index.php/usuarios/update
HTTP_REFERER=http://127.0.0.1/angular/yii1/yii/prueba1/index.php/usuarios/
---
2018/07/31 21:18:36 [error] [exception.CHttpException.400] CHttpException: Your request is invalid. in /var/www/html/angular/yii1/yii/framework/web/CController.php:337
Stack trace:
#0 /var/www/html/angular/yii1/yii/framework/web/CController.php(309): CController->invalidActionParams(Object(CInlineAction))
#1 /var/www/html/angular/yii1/yii/framework/web/CController.php(286): CController->runAction(Object(CInlineAction))
#2 /var/www/html/angular/yii1/yii/framework/web/CController.php(265): CController->runActionWithFilters(Object(CInlineAction), Array)
#3 /var/www/html/angular/yii1/yii/framework/web/CWebApplication.php(282): CController->run('update')
#4 /var/www/html/angular/yii1/yii/framework/web/CWebApplication.php(141): CWebApplication->runController('usuarios/update')
#5 /var/www/html/angular/yii1/yii/framework/base/CApplication.php(185): CWebApplication->processRequest()
#6 /var/www/html/angular/yii1/yii/prueba1/index.php(13): CApplication->run()
#7 {main}
REQUEST_URI=/angular/yii1/yii/prueba1/index.php/usuarios/update
HTTP_REFERER=http://127.0.0.1/angular/yii1/yii/prueba1/index.php/usuarios/
---
2018/07/31 21:18:36 [error] [exception.CHttpException.400] CHttpException: Your request is invalid. in /var/www/html/angular/yii1/yii/framework/web/CController.php:337
Stack trace:
#0 /var/www/html/angular/yii1/yii/framework/web/CController.php(309): CController->invalidActionParams(Object(CInlineAction))
#1 /var/www/html/angular/yii1/yii/framework/web/CController.php(286): CController->runAction(Object(CInlineAction))
#2 /var/www/html/angular/yii1/yii/framework/web/CController.php(265): CController->runActionWithFilters(Object(CInlineAction), Array)
#3 /var/www/html/angular/yii1/yii/framework/web/CWebApplication.php(282): CController->run('update')
#4 /var/www/html/angular/yii1/yii/framework/web/CWebApplication.php(141): CWebApplication->runController('usuarios/update')
#5 /var/www/html/angular/yii1/yii/framework/base/CApplication.php(185): CWebApplication->processRequest()
#6 /var/www/html/angular/yii1/yii/prueba1/index.php(13): CApplication->run()
#7 {main}
REQUEST_URI=/angular/yii1/yii/prueba1/index.php/usuarios/update
HTTP_REFERER=http://127.0.0.1/angular/yii1/yii/prueba1/index.php/usuarios/
---
2018/07/31 21:18:36 [error] [exception.CHttpException.400] CHttpException: Your request is invalid. in /var/www/html/angular/yii1/yii/framework/web/CController.php:337
Stack trace:
#0 /var/www/html/angular/yii1/yii/framework/web/CController.php(309): CController->invalidActionParams(Object(CInlineAction))
#1 /var/www/html/angular/yii1/yii/framework/web/CController.php(286): CController->runAction(Object(CInlineAction))
#2 /var/www/html/angular/yii1/yii/framework/web/CController.php(265): CController->runActionWithFilters(Object(CInlineAction), Array)
#3 /var/www/html/angular/yii1/yii/framework/web/CWebApplication.php(282): CController->run('update')
#4 /var/www/html/angular/yii1/yii/framework/web/CWebApplication.php(141): CWebApplication->runController('usuarios/update')
#5 /var/www/html/angular/yii1/yii/framework/base/CApplication.php(185): CWebApplication->processRequest()
#6 /var/www/html/angular/yii1/yii/prueba1/index.php(13): CApplication->run()
#7 {main}
REQUEST_URI=/angular/yii1/yii/prueba1/index.php/usuarios/update
HTTP_REFERER=http://127.0.0.1/angular/yii1/yii/prueba1/index.php/usuarios/
---
2018/07/31 21:18:36 [error] [exception.CHttpException.400] CHttpException: Your request is invalid. in /var/www/html/angular/yii1/yii/framework/web/CController.php:337
Stack trace:
#0 /var/www/html/angular/yii1/yii/framework/web/CController.php(309): CController->invalidActionParams(Object(CInlineAction))
#1 /var/www/html/angular/yii1/yii/framework/web/CController.php(286): CController->runAction(Object(CInlineAction))
#2 /var/www/html/angular/yii1/yii/framework/web/CController.php(265): CController->runActionWithFilters(Object(CInlineAction), Array)
#3 /var/www/html/angular/yii1/yii/framework/web/CWebApplication.php(282): CController->run('update')
#4 /var/www/html/angular/yii1/yii/framework/web/CWebApplication.php(141): CWebApplication->runController('usuarios/update')
#5 /var/www/html/angular/yii1/yii/framework/base/CApplication.php(185): CWebApplication->processRequest()
#6 /var/www/html/angular/yii1/yii/prueba1/index.php(13): CApplication->run()
#7 {main}
REQUEST_URI=/angular/yii1/yii/prueba1/index.php/usuarios/update
HTTP_REFERER=http://127.0.0.1/angular/yii1/yii/prueba1/index.php/usuarios/
---
2018/07/31 21:18:36 [error] [exception.CHttpException.400] CHttpException: Your request is invalid. in /var/www/html/angular/yii1/yii/framework/web/CController.php:337
Stack trace:
#0 /var/www/html/angular/yii1/yii/framework/web/CController.php(309): CController->invalidActionParams(Object(CInlineAction))
#1 /var/www/html/angular/yii1/yii/framework/web/CController.php(286): CController->runAction(Object(CInlineAction))
#2 /var/www/html/angular/yii1/yii/framework/web/CController.php(265): CController->runActionWithFilters(Object(CInlineAction), Array)
#3 /var/www/html/angular/yii1/yii/framework/web/CWebApplication.php(282): CController->run('update')
#4 /var/www/html/angular/yii1/yii/framework/web/CWebApplication.php(141): CWebApplication->runController('usuarios/update')
#5 /var/www/html/angular/yii1/yii/framework/base/CApplication.php(185): CWebApplication->processRequest()
#6 /var/www/html/angular/yii1/yii/prueba1/index.php(13): CApplication->run()
#7 {main}
REQUEST_URI=/angular/yii1/yii/prueba1/index.php/usuarios/update
HTTP_REFERER=http://127.0.0.1/angular/yii1/yii/prueba1/index.php/usuarios/
---
2018/07/31 21:23:41 [error] [exception.ParseError] ParseError: syntax error, unexpected end of file in /var/www/html/angular/yii1/yii/prueba1/protected/views/usuarios/index.php:18
Stack trace:
#0 /var/www/html/angular/yii1/yii/framework/web/CBaseController.php(95): CBaseController->renderInternal('/var/www/html/a...', Array, true)
#1 /var/www/html/angular/yii1/yii/framework/web/CController.php(872): CBaseController->renderFile('/var/www/html/a...', Array, true)
#2 /var/www/html/angular/yii1/yii/framework/web/CController.php(785): CController->renderPartial('index', Array, true)
#3 /var/www/html/angular/yii1/yii/prueba1/protected/controllers/UsuariosController.php(13): CController->render('index', Array)
#4 /var/www/html/angular/yii1/yii/framework/web/actions/CInlineAction.php(49): UsuariosController->actionIndex()
#5 /var/www/html/angular/yii1/yii/framework/web/CController.php(308): CInlineAction->runWithParams(Array)
#6 /var/www/html/angular/yii1/yii/framework/web/CController.php(286): CController->runAction(Object(CInlineAction))
#7 /var/www/html/angular/yii1/yii/framework/web/CController.php(265): CController->runActionWithFilters(Object(CInlineAction), Array)
#8 /var/www/html/angular/yii1/yii/framework/web/CWebApplication.php(282): CController->run('')
#9 /var/www/html/angular/yii1/yii/framework/web/CWebApplication.php(141): CWebApplication->runController('usuarios')
#10 /var/www/html/angular/yii1/yii/framework/base/CApplication.php(185): CWebApplication->processRequest()
#11 /var/www/html/angular/yii1/yii/prueba1/index.php(13): CApplication->run()
#12 {main}
REQUEST_URI=/angular/yii1/yii/prueba1/index.php/usuarios/
---
2018/07/31 21:25:41 [error] [exception.CHttpException.400] CHttpException: Your request is invalid. in /var/www/html/angular/yii1/yii/framework/web/CController.php:337
Stack trace:
#0 /var/www/html/angular/yii1/yii/framework/web/CController.php(309): CController->invalidActionParams(Object(CInlineAction))
#1 /var/www/html/angular/yii1/yii/framework/web/CController.php(286): CController->runAction(Object(CInlineAction))
#2 /var/www/html/angular/yii1/yii/framework/web/CController.php(265): CController->runActionWithFilters(Object(CInlineAction), Array)
#3 /var/www/html/angular/yii1/yii/framework/web/CWebApplication.php(282): CController->run('update')
#4 /var/www/html/angular/yii1/yii/framework/web/CWebApplication.php(141): CWebApplication->runController('usuarios/update...')
#5 /var/www/html/angular/yii1/yii/framework/base/CApplication.php(185): CWebApplication->processRequest()
#6 /var/www/html/angular/yii1/yii/prueba1/index.php(13): CApplication->run()
#7 {main}
REQUEST_URI=/angular/yii1/yii/prueba1/index.php/usuarios/update/index
HTTP_REFERER=http://127.0.0.1/angular/yii1/yii/prueba1/index.php/usuarios/update/1
---
2018/07/31 21:26:55 [error] [exception.CHttpException.400] CHttpException: Your request is invalid. in /var/www/html/angular/yii1/yii/framework/web/CController.php:337
Stack trace:
#0 /var/www/html/angular/yii1/yii/framework/web/CController.php(309): CController->invalidActionParams(Object(CInlineAction))
#1 /var/www/html/angular/yii1/yii/framework/web/CController.php(286): CController->runAction(Object(CInlineAction))
#2 /var/www/html/angular/yii1/yii/framework/web/CController.php(265): CController->runActionWithFilters(Object(CInlineAction), Array)
#3 /var/www/html/angular/yii1/yii/framework/web/CWebApplication.php(282): CController->run('update')
#4 /var/www/html/angular/yii1/yii/framework/web/CWebApplication.php(141): CWebApplication->runController('usuarios/update...')
#5 /var/www/html/angular/yii1/yii/framework/base/CApplication.php(185): CWebApplication->processRequest()
#6 /var/www/html/angular/yii1/yii/prueba1/index.php(13): CApplication->run()
#7 {main}
REQUEST_URI=/angular/yii1/yii/prueba1/index.php/usuarios/update/index
HTTP_REFERER=http://127.0.0.1/angular/yii1/yii/prueba1/index.php/usuarios/update/1
---
2018/07/31 21:26:56 [error] [exception.CHttpException.400] CHttpException: Your request is invalid. in /var/www/html/angular/yii1/yii/framework/web/CController.php:337
Stack trace:
#0 /var/www/html/angular/yii1/yii/framework/web/CController.php(309): CController->invalidActionParams(Object(CInlineAction))
#1 /var/www/html/angular/yii1/yii/framework/web/CController.php(286): CController->runAction(Object(CInlineAction))
#2 /var/www/html/angular/yii1/yii/framework/web/CController.php(265): CController->runActionWithFilters(Object(CInlineAction), Array)
#3 /var/www/html/angular/yii1/yii/framework/web/CWebApplication.php(282): CController->run('update')
#4 /var/www/html/angular/yii1/yii/framework/web/CWebApplication.php(141): CWebApplication->runController('usuarios/update')
#5 /var/www/html/angular/yii1/yii/framework/base/CApplication.php(185): CWebApplication->processRequest()
#6 /var/www/html/angular/yii1/yii/prueba1/index.php(13): CApplication->run()
#7 {main}
REQUEST_URI=/angular/yii1/yii/prueba1/index.php/usuarios/update/
---
2018/07/31 21:27:05 [error] [exception.CHttpException.400] CHttpException: Your request is invalid. in /var/www/html/angular/yii1/yii/framework/web/CController.php:337
Stack trace:
#0 /var/www/html/angular/yii1/yii/framework/web/CController.php(309): CController->invalidActionParams(Object(CInlineAction))
#1 /var/www/html/angular/yii1/yii/framework/web/CController.php(286): CController->runAction(Object(CInlineAction))
#2 /var/www/html/angular/yii1/yii/framework/web/CController.php(265): CController->runActionWithFilters(Object(CInlineAction), Array)
#3 /var/www/html/angular/yii1/yii/framework/web/CWebApplication.php(282): CController->run('update')
#4 /var/www/html/angular/yii1/yii/framework/web/CWebApplication.php(141): CWebApplication->runController('usuarios/update...')
#5 /var/www/html/angular/yii1/yii/framework/base/CApplication.php(185): CWebApplication->processRequest()
#6 /var/www/html/angular/yii1/yii/prueba1/index.php(13): CApplication->run()
#7 {main}
REQUEST_URI=/angular/yii1/yii/prueba1/index.php/usuarios/update/index
HTTP_REFERER=http://127.0.0.1/angular/yii1/yii/prueba1/index.php/usuarios/update/1
---
2018/07/31 21:27:13 [error] [exception.CHttpException.400] CHttpException: Your request is invalid. in /var/www/html/angular/yii1/yii/framework/web/CController.php:337
Stack trace:
#0 /var/www/html/angular/yii1/yii/framework/web/CController.php(309): CController->invalidActionParams(Object(CInlineAction))
#1 /var/www/html/angular/yii1/yii/framework/web/CController.php(286): CController->runAction(Object(CInlineAction))
#2 /var/www/html/angular/yii1/yii/framework/web/CController.php(265): CController->runActionWithFilters(Object(CInlineAction), Array)
#3 /var/www/html/angular/yii1/yii/framework/web/CWebApplication.php(282): CController->run('update')
#4 /var/www/html/angular/yii1/yii/framework/web/CWebApplication.php(141): CWebApplication->runController('usuarios/update...')
#5 /var/www/html/angular/yii1/yii/framework/base/CApplication.php(185): CWebApplication->processRequest()
#6 /var/www/html/angular/yii1/yii/prueba1/index.php(13): CApplication->run()
#7 {main}
REQUEST_URI=/angular/yii1/yii/prueba1/index.php/usuarios/update/index
HTTP_REFERER=http://127.0.0.1/angular/yii1/yii/prueba1/index.php/usuarios/update/2
---
2018/07/31 21:31:09 [error] [exception.CHttpException.404] CHttpException: The system is unable to find the requested action "delete". in /var/www/html/angular/yii1/yii/framework/web/CController.php:486
Stack trace:
#0 /var/www/html/angular/yii1/yii/framework/web/CController.php(270): CController->missingAction('delete')
#1 /var/www/html/angular/yii1/yii/framework/web/CWebApplication.php(282): CController->run('delete')
#2 /var/www/html/angular/yii1/yii/framework/web/CWebApplication.php(141): CWebApplication->runController('usuarios/delete')
#3 /var/www/html/angular/yii1/yii/framework/base/CApplication.php(185): CWebApplication->processRequest()
#4 /var/www/html/angular/yii1/yii/prueba1/index.php(13): CApplication->run()
#5 {main}
REQUEST_URI=/angular/yii1/yii/prueba1/index.php/usuarios/delete/2
HTTP_REFERER=http://127.0.0.1/angular/yii1/yii/prueba1/index.php/usuarios/index
---
2018/07/31 21:32:10 [error] [exception.CHttpException.400] CHttpException: Your request is invalid. in /var/www/html/angular/yii1/yii/framework/web/CController.php:337
Stack trace:
#0 /var/www/html/angular/yii1/yii/framework/web/CController.php(309): CController->invalidActionParams(Object(CInlineAction))
#1 /var/www/html/angular/yii1/yii/framework/web/CController.php(286): CController->runAction(Object(CInlineAction))
#2 /var/www/html/angular/yii1/yii/framework/web/CController.php(265): CController->runActionWithFilters(Object(CInlineAction), Array)
#3 /var/www/html/angular/yii1/yii/framework/web/CWebApplication.php(282): CController->run('delete')
#4 /var/www/html/angular/yii1/yii/framework/web/CWebApplication.php(141): CWebApplication->runController('usuarios/delete...')
#5 /var/www/html/angular/yii1/yii/framework/base/CApplication.php(185): CWebApplication->processRequest()
#6 /var/www/html/angular/yii1/yii/prueba1/index.php(13): CApplication->run()
#7 {main}
REQUEST_URI=/angular/yii1/yii/prueba1/index.php/usuarios/delete/index
HTTP_REFERER=http://127.0.0.1/angular/yii1/yii/prueba1/index.php/usuarios/index
---
